Using pre-set license
Built from '2021.2/staging' branch; Version is '2021.2.8f1 (d0e5f0a7b06a) revision 13690352'; Using compiler version '192829333'; Build Type 'Release'
OS: 'Windows 10  (10.0.19042) 64bit ProfessionalWorkstation' Language: 'fr' Physical Memory: 32313 MB
BatchMode: 1, IsHumanControllingUs: 0, StartBugReporterOnCrash: 0, Is64bit: 1, IsPro: 0

COMMAND LINE ARGUMENTS:
C:\Program Files\Unity\Hub\Editor\2021.2.8f1\Editor\Unity.exe
-adb2
-batchMode
-noUpm
-name
AssetImportWorker0
-projectPath
C:/Users/christopher/Documents/GitHub/ApplicationAR
-logFile
Logs/AssetImportWorker0.log
-srvPort
57162
Successfully changed project path to: C:/Users/christopher/Documents/GitHub/ApplicationAR
C:/Users/christopher/Documents/GitHub/ApplicationAR
[UnityMemory] Configuration Parameters - Can be set up in boot.config
    "memorysetup-bucket-allocator-granularity=16"
    "memorysetup-bucket-allocator-bucket-count=8"
    "memorysetup-bucket-allocator-block-size=33554432"
    "memorysetup-bucket-allocator-block-count=8"
    "memorysetup-main-allocator-block-size=16777216"
    "memorysetup-thread-allocator-block-size=16777216"
    "memorysetup-gfx-main-allocator-block-size=16777216"
    "memorysetup-gfx-thread-allocator-block-size=16777216"
    "memorysetup-cache-allocator-block-size=4194304"
    "memorysetup-typetree-allocator-block-size=2097152"
    "memorysetup-profiler-bucket-allocator-granularity=16"
    "memorysetup-profiler-bucket-allocator-bucket-count=8"
    "memorysetup-profiler-bucket-allocator-block-size=33554432"
    "memorysetup-profiler-bucket-allocator-block-count=8"
    "memorysetup-profiler-allocator-block-size=16777216"
    "memorysetup-profiler-editor-allocator-block-size=1048576"
    "memorysetup-temp-allocator-size-main=16777216"
    "memorysetup-job-temp-allocator-block-size=2097152"
    "memorysetup-job-temp-allocator-block-size-background=1048576"
    "memorysetup-job-temp-allocator-reduction-small-platforms=262144"
    "memorysetup-temp-allocator-size-background-worker=32768"
    "memorysetup-temp-allocator-size-job-worker=262144"
    "memorysetup-temp-allocator-size-preload-manager=33554432"
    "memorysetup-temp-allocator-size-nav-mesh-worker=65536"
    "memorysetup-temp-allocator-size-audio-worker=65536"
    "memorysetup-temp-allocator-size-cloud-worker=32768"
    "memorysetup-temp-allocator-size-gi-baking-worker=262144"
    "memorysetup-temp-allocator-size-gfx=262144"
Refreshing native plugins compatible for Editor in 154.05 ms, found 12 plugins.
Preloading 0 native plugins for Editor in 0.00 ms.
Initialize engine version: 2021.2.8f1 (d0e5f0a7b06a)
[Subsystems] Discovering subsystems at path C:/Program Files/Unity/Hub/Editor/2021.2.8f1/Editor/Data/Resources/UnitySubsystems
[Subsystems] Discovering subsystems at path C:/Users/christopher/Documents/GitHub/ApplicationAR/Assets
GfxDevice: creating device client; threaded=0; jobified=0
Direct3D:
    Version:  Direct3D 11.0 [level 11.1]
    Renderer: NVIDIA Quadro P2200 (ID=0x1c31)
    Vendor:   NVIDIA
    VRAM:     5030 MB
    Driver:   27.21.14.6647
Initialize mono
Mono path[0] = 'C:/Program Files/Unity/Hub/Editor/2021.2.8f1/Editor/Data/Managed'
Mono path[1] = 'C:/Program Files/Unity/Hub/Editor/2021.2.8f1/Editor/Data/MonoBleedingEdge/lib/mono/unityjit-win32'
Mono config path = 'C:/Program Files/Unity/Hub/Editor/2021.2.8f1/Editor/Data/MonoBleedingEdge/etc'
Using monoOptions --debugger-agent=transport=dt_socket,embedding=1,server=y,suspend=n,address=127.0.0.1:56380
Begin MonoManager ReloadAssembly
Registering precompiled unity dll's ...
Register platform support module: C:/Program Files/Unity/Hub/Editor/2021.2.8f1/Editor/Data/PlaybackEngines/WebGLSupport/UnityEditor.WebGL.Extensions.dll
Register platform support module: C:/Program Files/Unity/Hub/Editor/2021.2.8f1/Editor/Data/PlaybackEngines/WindowsStandaloneSupport/UnityEditor.WindowsStandalone.Extensions.dll
Registered in 0.009044 seconds.
Native extension for WindowsStandalone target not found
Native extension for WebGL target not found
Refreshing native plugins compatible for Editor in 122.43 ms, found 12 plugins.
Preloading 0 native plugins for Editor in 0.00 ms.
Mono: successfully reloaded assembly
- Completed reload, in  0.817 seconds
Domain Reload Profiling:
	ReloadAssembly (818ms)
		BeginReloadAssembly (209ms)
			ExecutionOrderSort (0ms)
			DisableScriptedObjects (0ms)
			BackupInstance (0ms)
			ReleaseScriptingObjects (0ms)
			CreateAndSetChildDomain (1ms)
		EndReloadAssembly (527ms)
			LoadAssemblies (211ms)
			RebuildTransferFunctionScriptingTraits (0ms)
			SetupTypeCache (113ms)
			ReleaseScriptCaches (0ms)
			RebuildScriptCaches (25ms)
			SetupLoadedEditorAssemblies (333ms)
				LogAssemblyErrors (0ms)
				InitializePlatformSupportModulesInManaged (25ms)
				SetLoadedEditorAssemblies (0ms)
				RefreshPlugins (122ms)
				BeforeProcessingInitializeOnLoad (1ms)
				ProcessInitializeOnLoadAttributes (144ms)
				ProcessInitializeOnLoadMethodAttributes (40ms)
				AfterProcessingInitializeOnLoad (0ms)
				EditorAssembliesLoaded (0ms)
			ExecutionOrderSort2 (0ms)
			AwakeInstancesAfterBackupRestoration (0ms)
Platform modules already initialized, skipping
Registering precompiled user dll's ...
Registered in 0.039745 seconds.
Begin MonoManager ReloadAssembly
Symbol file LoadedFromMemory doesn't match image C:\Users\christopher\Documents\GitHub\ApplicationAR\Library\PackageCache\com.unity.visualscripting@1.7.6\Editor\VisualScripting.Core\Dependencies\DotNetZip\Unity.VisualScripting.IonicZip.dll
Symbol file LoadedFromMemory doesn't match image C:\Users\christopher\Documents\GitHub\ApplicationAR\Library\PackageCache\com.unity.visualscripting@1.7.6\Editor\VisualScripting.Core\Dependencies\YamlDotNet\Unity.VisualScripting.YamlDotNet.dll
Native extension for WindowsStandalone target not found
Native extension for WebGL target not found
Refreshing native plugins compatible for Editor in 107.28 ms, found 12 plugins.
Preloading 0 native plugins for Editor in 0.00 ms.
Package Manager log level set to [2]
Mono: successfully reloaded assembly
- Completed reload, in  1.552 seconds
Domain Reload Profiling:
	ReloadAssembly (1553ms)
		BeginReloadAssembly (253ms)
			ExecutionOrderSort (0ms)
			DisableScriptedObjects (5ms)
			BackupInstance (0ms)
			ReleaseScriptingObjects (0ms)
			CreateAndSetChildDomain (42ms)
		EndReloadAssembly (1180ms)
			LoadAssemblies (253ms)
			RebuildTransferFunctionScriptingTraits (0ms)
			SetupTypeCache (339ms)
			ReleaseScriptCaches (1ms)
			RebuildScriptCaches (78ms)
			SetupLoadedEditorAssemblies (594ms)
				LogAssemblyErrors (0ms)
				InitializePlatformSupportModulesInManaged (15ms)
				SetLoadedEditorAssemblies (0ms)
				RefreshPlugins (107ms)
				BeforeProcessingInitializeOnLoad (116ms)
				ProcessInitializeOnLoadAttributes (324ms)
				ProcessInitializeOnLoadMethodAttributes (24ms)
				AfterProcessingInitializeOnLoad (8ms)
				EditorAssembliesLoaded (0ms)
			ExecutionOrderSort2 (0ms)
			AwakeInstancesAfterBackupRestoration (5ms)
Platform modules already initialized, skipping
========================================================================
Worker process is ready to serve import requests
Launched and connected shader compiler UnityShaderCompiler.exe after 0.05 seconds
Refreshing native plugins compatible for Editor in 0.93 ms, found 12 plugins.
Preloading 0 native plugins for Editor in 0.00 ms.
Unloading 4118 Unused Serialized files (Serialized files now loaded: 0)
Unloading 53 unused Assets / (114.9 KB). Loaded Objects now: 4570.
Memory consumption went from 151.1 MB to 151.0 MB.
Total: 3.469800 ms (FindLiveObjects: 0.398800 ms CreateObjectMapping: 0.262200 ms MarkObjects: 2.669900 ms  DeleteObjects: 0.136900 ms)

AssetImportParameters requested are different than current active one (requested -> active):
  custom:video-decoder-ogg-theora: a1e56fd34408186e4bbccfd4996cb3dc -> 
  custom:container-muxer-webm: aa71ff27fc2769a1b78a27578f13a17b -> 
  custom:container-demuxer-webm: 4f35f7cbe854078d1ac9338744f61a02 -> 
  custom:video-encoder-webm-vp8: eb34c28f22e8b96e1ab97ce403110664 -> 
  custom:video-codec-MediaFoundation-h265: 746d11721c4dcdbdad8f713fa42b33f4 -> 
  custom:audio-encoder-webm-vorbis: bf7c407c2cedff20999df2af8eb42d56 -> 
  custom:framework-win-MediaFoundation: 216162199b28c13a410421893ffa2e32 -> 
  custom:container-demuxer-ogg: 62fdf1f143b41e24485cea50d1cbac27 -> 
  custom:video-decoder-webm-vp8: 9c59270c3fd7afecdb556c50c9e8de78 -> 
  custom:audio-decoder-ogg-vorbis: bf7c407c2cedff20999df2af8eb42d56 -> 
========================================================================
Received Import Request.
  Time since last request: 8629.446213 seconds.
  path: Assets/Scripts
  artifactKey: Guid(00574ff7f3025a741a03d5b4d5c199d5) Importer(815301076,1909f56bfc062723c751e8b465ee728b)
Start importing Assets/Scripts using Guid(00574ff7f3025a741a03d5b4d5c199d5) Importer(815301076,1909f56bfc062723c751e8b465ee728b)  -> (artifact id: '8d3b83fb2a4eea416aa04647fad5bb12') in 0.011523 seconds 
========================================================================
Received Import Request.
  Time since last request: 659.407181 seconds.
  path: Assets/images
  artifactKey: Guid(ac41422016a02084c8a91c02128efdca) Importer(815301076,1909f56bfc062723c751e8b465ee728b)
Start importing Assets/images using Guid(ac41422016a02084c8a91c02128efdca) Importer(815301076,1909f56bfc062723c751e8b465ee728b)  -> (artifact id: '0d5c5d66b26c401654411cc11c695e07') in 0.005451 seconds 
========================================================================
Received Import Request.
  Time since last request: 0.051725 seconds.
  path: Assets/images/logoGroupeAccsys.png
  artifactKey: Guid(0da76187cbb41654897a8d2b417b79dc) Importer(815301076,1909f56bfc062723c751e8b465ee728b)
Start importing Assets/images/logoGroupeAccsys.png using Guid(0da76187cbb41654897a8d2b417b79dc) Importer(815301076,1909f56bfc062723c751e8b465ee728b)  -> (artifact id: '5f459b9ff78b5ba3ca277a4da1262bbd') in 0.139642 seconds 
========================================================================
Received Import Request.
  Time since last request: 2.900457 seconds.
  path: Assets/NextMindSDK/Examples/Common Resources/Sprites/NEXTMIND_Icon.png
  artifactKey: Guid(3bfc8350f9c872b4f9623662b48924e0) Importer(815301076,1909f56bfc062723c751e8b465ee728b)
Start importing Assets/NextMindSDK/Examples/Common Resources/Sprites/NEXTMIND_Icon.png using Guid(3bfc8350f9c872b4f9623662b48924e0) Importer(815301076,1909f56bfc062723c751e8b465ee728b)  -> (artifact id: 'f99283a077fc6ace6cbe0544ae61f70e') in 0.050313 seconds 
========================================================================
Received Import Request.
  Time since last request: 0.000026 seconds.
  path: Assets/NextMindSDK/Examples/Calibration/Textures/PairingInstructions/NMDevice-Pairing-dark-03.png
  artifactKey: Guid(ae3c7ae8cfc74478e88cd4ad58140db3) Importer(815301076,1909f56bfc062723c751e8b465ee728b)
Start importing Assets/NextMindSDK/Examples/Calibration/Textures/PairingInstructions/NMDevice-Pairing-dark-03.png using Guid(ae3c7ae8cfc74478e88cd4ad58140db3) Importer(815301076,1909f56bfc062723c751e8b465ee728b)  -> (artifact id: '8b097bb50c0921ba6b38465d62883123') in 0.038383 seconds 
========================================================================
Received Import Request.
  Time since last request: 0.000028 seconds.
  path: Assets/NextMindSDK/Examples/Calibration/Textures/PairingInstructions/plus-button.png
  artifactKey: Guid(a562e01c8e116d34eb698ff33d8656ac) Importer(815301076,1909f56bfc062723c751e8b465ee728b)
Start importing Assets/NextMindSDK/Examples/Calibration/Textures/PairingInstructions/plus-button.png using Guid(a562e01c8e116d34eb698ff33d8656ac) Importer(815301076,1909f56bfc062723c751e8b465ee728b)  -> (artifact id: 'a150c876d6e08a6537eb5db4dfd0f370') in 0.020286 seconds 
========================================================================
Received Import Request.
  Time since last request: 0.000026 seconds.
  path: Assets/NextMindSDK/Examples/Calibration/Textures/PairingInstructions/NMDevice-Pairing-dark-05.png
  artifactKey: Guid(f4e9582c6a32b2746bad3691c2b06a1a) Importer(815301076,1909f56bfc062723c751e8b465ee728b)
Start importing Assets/NextMindSDK/Examples/Calibration/Textures/PairingInstructions/NMDevice-Pairing-dark-05.png using Guid(f4e9582c6a32b2746bad3691c2b06a1a) Importer(815301076,1909f56bfc062723c751e8b465ee728b)  -> (artifact id: '04882117aa3788fd3a8748ed79bee49f') in 0.033647 seconds 
========================================================================
Received Import Request.
  Time since last request: 1.299101 seconds.
  path: Assets/NextMindSDK/Examples/SDKDiscovery/Textures/Toggle/Shadow.png
  artifactKey: Guid(1916fba70f369824399b0833a0dc4f51) Importer(815301076,1909f56bfc062723c751e8b465ee728b)
Start importing Assets/NextMindSDK/Examples/SDKDiscovery/Textures/Toggle/Shadow.png using Guid(1916fba70f369824399b0833a0dc4f51) Importer(815301076,1909f56bfc062723c751e8b465ee728b)  -> (artifact id: 'fd24e62925e9741b4ebda3a54067b63c') in 0.034425 seconds 
========================================================================
Received Import Request.
  Time since last request: 0.000023 seconds.
  path: Assets/NextMindSDK/Core/Runtime/Textures/StimulationTexture_Transparent.png
  artifactKey: Guid(fb1250c65b2b8624391b8a45182d7577) Importer(815301076,1909f56bfc062723c751e8b465ee728b)
Start importing Assets/NextMindSDK/Core/Runtime/Textures/StimulationTexture_Transparent.png using Guid(fb1250c65b2b8624391b8a45182d7577) Importer(815301076,1909f56bfc062723c751e8b465ee728b)  -> (artifact id: '5f272a17562683dd6b835bfcd52b2eec') in 0.029845 seconds 
Editor requested this worker to shutdown with reason: Scaling down because of idle timeout
AssetImportWorker is now disconnected from the server
Process exiting
Exiting without the bug reporter. Application will terminate with return code 0