Using pre-set license
Built from '2021.2/staging' branch; Version is '2021.2.8f1 (d0e5f0a7b06a) revision 13690352'; Using compiler version '192829333'; Build Type 'Release'
OS: 'Windows 10  (10.0.19042) 64bit ProfessionalWorkstation' Language: 'fr' Physical Memory: 32313 MB
BatchMode: 1, IsHumanControllingUs: 0, StartBugReporterOnCrash: 0, Is64bit: 1, IsPro: 0

COMMAND LINE ARGUMENTS:
C:\Program Files\Unity\Hub\Editor\2021.2.8f1\Editor\Unity.exe
-adb2
-batchMode
-noUpm
-name
AssetImportWorker0
-projectPath
C:/Users/christopher/Documents/ApplicationAR
-logFile
Logs/AssetImportWorker0.log
-srvPort
53531
Successfully changed project path to: C:/Users/christopher/Documents/ApplicationAR
C:/Users/christopher/Documents/ApplicationAR
[UnityMemory] Configuration Parameters - Can be set up in boot.config
    "memorysetup-bucket-allocator-granularity=16"
    "memorysetup-bucket-allocator-bucket-count=8"
    "memorysetup-bucket-allocator-block-size=33554432"
    "memorysetup-bucket-allocator-block-count=8"
    "memorysetup-main-allocator-block-size=16777216"
    "memorysetup-thread-allocator-block-size=16777216"
    "memorysetup-gfx-main-allocator-block-size=16777216"
    "memorysetup-gfx-thread-allocator-block-size=16777216"
    "memorysetup-cache-allocator-block-size=4194304"
    "memorysetup-typetree-allocator-block-size=2097152"
    "memorysetup-profiler-bucket-allocator-granularity=16"
    "memorysetup-profiler-bucket-allocator-bucket-count=8"
    "memorysetup-profiler-bucket-allocator-block-size=33554432"
    "memorysetup-profiler-bucket-allocator-block-count=8"
    "memorysetup-profiler-allocator-block-size=16777216"
    "memorysetup-profiler-editor-allocator-block-size=1048576"
    "memorysetup-temp-allocator-size-main=16777216"
    "memorysetup-job-temp-allocator-block-size=2097152"
    "memorysetup-job-temp-allocator-block-size-background=1048576"
    "memorysetup-job-temp-allocator-reduction-small-platforms=262144"
    "memorysetup-temp-allocator-size-background-worker=32768"
    "memorysetup-temp-allocator-size-job-worker=262144"
    "memorysetup-temp-allocator-size-preload-manager=33554432"
    "memorysetup-temp-allocator-size-nav-mesh-worker=65536"
    "memorysetup-temp-allocator-size-audio-worker=65536"
    "memorysetup-temp-allocator-size-cloud-worker=32768"
    "memorysetup-temp-allocator-size-gi-baking-worker=262144"
    "memorysetup-temp-allocator-size-gfx=262144"
Refreshing native plugins compatible for Editor in 149.71 ms, found 12 plugins.
Preloading 0 native plugins for Editor in 0.00 ms.
Initialize engine version: 2021.2.8f1 (d0e5f0a7b06a)
[Subsystems] Discovering subsystems at path C:/Program Files/Unity/Hub/Editor/2021.2.8f1/Editor/Data/Resources/UnitySubsystems
[Subsystems] Discovering subsystems at path C:/Users/christopher/Documents/ApplicationAR/Assets
GfxDevice: creating device client; threaded=0; jobified=0
Direct3D:
    Version:  Direct3D 11.0 [level 11.1]
    Renderer: NVIDIA Quadro P2200 (ID=0x1c31)
    Vendor:   NVIDIA
    VRAM:     5030 MB
    Driver:   27.21.14.6647
Initialize mono
Mono path[0] = 'C:/Program Files/Unity/Hub/Editor/2021.2.8f1/Editor/Data/Managed'
Mono path[1] = 'C:/Program Files/Unity/Hub/Editor/2021.2.8f1/Editor/Data/MonoBleedingEdge/lib/mono/unityjit-win32'
Mono config path = 'C:/Program Files/Unity/Hub/Editor/2021.2.8f1/Editor/Data/MonoBleedingEdge/etc'
Using monoOptions --debugger-agent=transport=dt_socket,embedding=1,server=y,suspend=n,address=127.0.0.1:56532
Begin MonoManager ReloadAssembly
Registering precompiled unity dll's ...
Register platform support module: C:/Program Files/Unity/Hub/Editor/2021.2.8f1/Editor/Data/PlaybackEngines/WebGLSupport/UnityEditor.WebGL.Extensions.dll
Register platform support module: C:/Program Files/Unity/Hub/Editor/2021.2.8f1/Editor/Data/PlaybackEngines/WindowsStandaloneSupport/UnityEditor.WindowsStandalone.Extensions.dll
Registered in 0.013310 seconds.
Native extension for WindowsStandalone target not found
Native extension for WebGL target not found
Refreshing native plugins compatible for Editor in 93.20 ms, found 12 plugins.
Preloading 0 native plugins for Editor in 0.00 ms.
Mono: successfully reloaded assembly
- Completed reload, in  0.880 seconds
Domain Reload Profiling:
	ReloadAssembly (880ms)
		BeginReloadAssembly (190ms)
			ExecutionOrderSort (0ms)
			DisableScriptedObjects (0ms)
			BackupInstance (0ms)
			ReleaseScriptingObjects (0ms)
			CreateAndSetChildDomain (1ms)
		EndReloadAssembly (601ms)
			LoadAssemblies (192ms)
			RebuildTransferFunctionScriptingTraits (0ms)
			SetupTypeCache (139ms)
			ReleaseScriptCaches (0ms)
			RebuildScriptCaches (26ms)
			SetupLoadedEditorAssemblies (360ms)
				LogAssemblyErrors (0ms)
				InitializePlatformSupportModulesInManaged (40ms)
				SetLoadedEditorAssemblies (0ms)
				RefreshPlugins (93ms)
				BeforeProcessingInitializeOnLoad (1ms)
				ProcessInitializeOnLoadAttributes (183ms)
				ProcessInitializeOnLoadMethodAttributes (41ms)
				AfterProcessingInitializeOnLoad (0ms)
				EditorAssembliesLoaded (0ms)
			ExecutionOrderSort2 (0ms)
			AwakeInstancesAfterBackupRestoration (0ms)
Platform modules already initialized, skipping
Registering precompiled user dll's ...
Registered in 0.044161 seconds.
Begin MonoManager ReloadAssembly
Native extension for WindowsStandalone target not found
Native extension for WebGL target not found
Refreshing native plugins compatible for Editor in 130.00 ms, found 12 plugins.
Preloading 0 native plugins for Editor in 0.00 ms.
Package Manager log level set to [2]
Mono: successfully reloaded assembly
- Completed reload, in  1.577 seconds
Domain Reload Profiling:
	ReloadAssembly (1578ms)
		BeginReloadAssembly (272ms)
			ExecutionOrderSort (0ms)
			DisableScriptedObjects (5ms)
			BackupInstance (0ms)
			ReleaseScriptingObjects (0ms)
			CreateAndSetChildDomain (27ms)
		EndReloadAssembly (1177ms)
			LoadAssemblies (286ms)
			RebuildTransferFunctionScriptingTraits (0ms)
			SetupTypeCache (316ms)
			ReleaseScriptCaches (1ms)
			RebuildScriptCaches (62ms)
			SetupLoadedEditorAssemblies (623ms)
				LogAssemblyErrors (0ms)
				InitializePlatformSupportModulesInManaged (21ms)
				SetLoadedEditorAssemblies (0ms)
				RefreshPlugins (130ms)
				BeforeProcessingInitializeOnLoad (99ms)
				ProcessInitializeOnLoadAttributes (320ms)
				ProcessInitializeOnLoadMethodAttributes (45ms)
				AfterProcessingInitializeOnLoad (7ms)
				EditorAssembliesLoaded (0ms)
			ExecutionOrderSort2 (0ms)
			AwakeInstancesAfterBackupRestoration (5ms)
Platform modules already initialized, skipping
========================================================================
Worker process is ready to serve import requests
Launched and connected shader compiler UnityShaderCompiler.exe after 0.05 seconds
Refreshing native plugins compatible for Editor in 0.96 ms, found 12 plugins.
Preloading 0 native plugins for Editor in 0.00 ms.
Unloading 4117 Unused Serialized files (Serialized files now loaded: 0)
Unloading 53 unused Assets / (114.9 KB). Loaded Objects now: 4569.
Memory consumption went from 151.1 MB to 151.0 MB.
Total: 3.324100 ms (FindLiveObjects: 0.397700 ms CreateObjectMapping: 0.254100 ms MarkObjects: 2.533700 ms  DeleteObjects: 0.136400 ms)

AssetImportParameters requested are different than current active one (requested -> active):
  custom:video-decoder-ogg-theora: a1e56fd34408186e4bbccfd4996cb3dc -> 
  custom:container-muxer-webm: aa71ff27fc2769a1b78a27578f13a17b -> 
  custom:container-demuxer-webm: 4f35f7cbe854078d1ac9338744f61a02 -> 
  custom:video-encoder-webm-vp8: eb34c28f22e8b96e1ab97ce403110664 -> 
  custom:video-codec-MediaFoundation-h265: 746d11721c4dcdbdad8f713fa42b33f4 -> 
  custom:audio-encoder-webm-vorbis: bf7c407c2cedff20999df2af8eb42d56 -> 
  custom:framework-win-MediaFoundation: 216162199b28c13a410421893ffa2e32 -> 
  custom:container-demuxer-ogg: 62fdf1f143b41e24485cea50d1cbac27 -> 
  custom:video-decoder-webm-vp8: 9c59270c3fd7afecdb556c50c9e8de78 -> 
  custom:audio-decoder-ogg-vorbis: bf7c407c2cedff20999df2af8eb42d56 -> 
========================================================================
Received Import Request.
  Time since last request: 10795.425796 seconds.
  path: Assets/NextMindSDK/Examples/Calibration/Prefabs
  artifactKey: Guid(f86660937c11b604792ad62321de94eb) Importer(815301076,1909f56bfc062723c751e8b465ee728b)
Start importing Assets/NextMindSDK/Examples/Calibration/Prefabs using Guid(f86660937c11b604792ad62321de94eb) Importer(815301076,1909f56bfc062723c751e8b465ee728b)  -> (artifact id: '95707ace0dc3b7616c3edeb8aa5c54b6') in 0.022466 seconds 
========================================================================
Received Import Request.
  Time since last request: 0.049067 seconds.
  path: Assets/NextMindSDK/Examples/Calibration/Prefabs/CircleNeuroTag.prefab
  artifactKey: Guid(5a03d815513271a479ed2cd541302527) Importer(815301076,1909f56bfc062723c751e8b465ee728b)
Start importing Assets/NextMindSDK/Examples/Calibration/Prefabs/CircleNeuroTag.prefab using Guid(5a03d815513271a479ed2cd541302527) Importer(815301076,1909f56bfc062723c751e8b465ee728b)  -> (artifact id: '4c32a27bd9ec788e53eee2a7962fb5b8') in 0.082228 seconds 
========================================================================
Received Import Request.
  Time since last request: 0.000026 seconds.
  path: Assets/NextMindSDK/Examples/Calibration/Prefabs/VideoPlayerGroup.prefab
  artifactKey: Guid(b69a6adead6b924418e956fa17728948) Importer(815301076,1909f56bfc062723c751e8b465ee728b)
Start importing Assets/NextMindSDK/Examples/Calibration/Prefabs/VideoPlayerGroup.prefab using Guid(b69a6adead6b924418e956fa17728948) Importer(815301076,1909f56bfc062723c751e8b465ee728b)  -> (artifact id: 'b60df4f038ebef935c219494c34a2091') in 0.019989 seconds 
========================================================================
Received Import Request.
  Time since last request: 5.025299 seconds.
  path: Assets/NextMindSDK/Examples/Calibration/Textures/CaptureGuide.png
  artifactKey: Guid(ea608844413e2eb4ebdea7709799e44a) Importer(815301076,1909f56bfc062723c751e8b465ee728b)
Start importing Assets/NextMindSDK/Examples/Calibration/Textures/CaptureGuide.png using Guid(ea608844413e2eb4ebdea7709799e44a) Importer(815301076,1909f56bfc062723c751e8b465ee728b)  -> (artifact id: 'efdfc10011a37d8384ae89897b715d8e') in 0.138334 seconds 
========================================================================
Received Import Request.
  Time since last request: 0.000023 seconds.
  path: Assets/NextMindSDK/Examples/Calibration/Textures/Play.png
  artifactKey: Guid(9be3c6ee4f0598e44bbf73acd830a7c4) Importer(815301076,1909f56bfc062723c751e8b465ee728b)
Start importing Assets/NextMindSDK/Examples/Calibration/Textures/Play.png using Guid(9be3c6ee4f0598e44bbf73acd830a7c4) Importer(815301076,1909f56bfc062723c751e8b465ee728b)  -> (artifact id: '08bf0f8f843817019376ac1b042a0d39') in 0.022894 seconds 
========================================================================
Received Import Request.
  Time since last request: 0.000036 seconds.
  path: Assets/NextMindSDK/Examples/Calibration/Textures/NeuroTag_Flash.png
  artifactKey: Guid(0876914d1ce4d4e41bdbd8c2d4a6aba9) Importer(815301076,1909f56bfc062723c751e8b465ee728b)
Start importing Assets/NextMindSDK/Examples/Calibration/Textures/NeuroTag_Flash.png using Guid(0876914d1ce4d4e41bdbd8c2d4a6aba9) Importer(815301076,1909f56bfc062723c751e8b465ee728b)  -> (artifact id: '2ea13cb1a5a4ded259516e7c6d31a93c') in 0.022362 seconds 
========================================================================
Received Import Request.
  Time since last request: 0.000021 seconds.
  path: Assets/NextMindSDK/Examples/Calibration/Textures/Pause.png
  artifactKey: Guid(f2f92ff4f6b8f9c4f824e2bb4e6013dd) Importer(815301076,1909f56bfc062723c751e8b465ee728b)
Start importing Assets/NextMindSDK/Examples/Calibration/Textures/Pause.png using Guid(f2f92ff4f6b8f9c4f824e2bb4e6013dd) Importer(815301076,1909f56bfc062723c751e8b465ee728b)  -> (artifact id: '46db10ca7e83077e31b43e4d9bbd1e59') in 0.022809 seconds 
========================================================================
Received Import Request.
  Time since last request: 0.000022 seconds.
  path: Assets/NextMindSDK/Examples/Calibration/Textures/HelpButton.png
  artifactKey: Guid(b21d33fe3f4cb904381d64755347b0d0) Importer(815301076,1909f56bfc062723c751e8b465ee728b)
Start importing Assets/NextMindSDK/Examples/Calibration/Textures/HelpButton.png using Guid(b21d33fe3f4cb904381d64755347b0d0) Importer(815301076,1909f56bfc062723c751e8b465ee728b)  -> (artifact id: '1b69297e2f9ef62c2a9151f1d44e4a7c') in 0.022967 seconds 
========================================================================
Received Import Request.
  Time since last request: 0.000026 seconds.
  path: Assets/NextMindSDK/Examples/Calibration/Textures/FeedbackBackground.png
  artifactKey: Guid(a4b17c2f86291964bad09520c7e98967) Importer(815301076,1909f56bfc062723c751e8b465ee728b)
Start importing Assets/NextMindSDK/Examples/Calibration/Textures/FeedbackBackground.png using Guid(a4b17c2f86291964bad09520c7e98967) Importer(815301076,1909f56bfc062723c751e8b465ee728b)  -> (artifact id: 'ac4b4851974e206d9fd3bca398d51823') in 0.027884 seconds 
========================================================================
Received Import Request.
  Time since last request: 2.160062 seconds.
  path: Assets/NextMindSDK/Examples/Calibration/Videos/EnhanceCalibGuide.mp4
  artifactKey: Guid(8c2613da81b292d409d18bf9d31a9e9f) Importer(815301076,1909f56bfc062723c751e8b465ee728b)
Start importing Assets/NextMindSDK/Examples/Calibration/Videos/EnhanceCalibGuide.mp4 using Guid(8c2613da81b292d409d18bf9d31a9e9f) Importer(815301076,1909f56bfc062723c751e8b465ee728b)  -> (artifact id: 'ce8fbd6cf30f93f53d22c6558c7a6e5b') in 0.053481 seconds 
========================================================================
Received Import Request.
  Time since last request: 3.755633 seconds.
  path: Assets/NextMindSDK/Examples/Calibration/Models/brain.fbx
  artifactKey: Guid(7cbb0c388c62d97498383913f8e1ef76) Importer(815301076,1909f56bfc062723c751e8b465ee728b)
Start importing Assets/NextMindSDK/Examples/Calibration/Models/brain.fbx using Guid(7cbb0c388c62d97498383913f8e1ef76) Importer(815301076,1909f56bfc062723c751e8b465ee728b)  -> (artifact id: 'da775495a8eefa9c3cd7d843d1e5ce9a') in 0.217070 seconds 
========================================================================
Received Import Request.
  Time since last request: 7.852331 seconds.
  path: Assets/NextMindSDK/Examples/NeuroTagGallery/Prefabs/NeuroTagGalleryPanel.prefab
  artifactKey: Guid(4b8e1f63aa52d1849bb95816d18b1c5e) Importer(815301076,1909f56bfc062723c751e8b465ee728b)
Start importing Assets/NextMindSDK/Examples/NeuroTagGallery/Prefabs/NeuroTagGalleryPanel.prefab using Guid(4b8e1f63aa52d1849bb95816d18b1c5e) Importer(815301076,1909f56bfc062723c751e8b465ee728b)  -> (artifact id: 'e62bc0e639b6e0cac91f8742d1e76a5d') in 0.021041 seconds 
========================================================================
Received Import Request.
  Time since last request: 3.403810 seconds.
  path: Assets/NextMindSDK/Examples/NeuroTagGallery/Sprites/Glow-SharperRamp.png
  artifactKey: Guid(b0e1cb9915b28c84e897a0bfdf2695fd) Importer(815301076,1909f56bfc062723c751e8b465ee728b)
Start importing Assets/NextMindSDK/Examples/NeuroTagGallery/Sprites/Glow-SharperRamp.png using Guid(b0e1cb9915b28c84e897a0bfdf2695fd) Importer(815301076,1909f56bfc062723c751e8b465ee728b)  -> (artifact id: 'e79483f293df9b21ca678c31e8882ec4') in 0.035019 seconds 
========================================================================
Received Import Request.
  Time since last request: 0.000031 seconds.
  path: Assets/NextMindSDK/Examples/NeuroTagGallery/Sprites/TrianglesCloud.png
  artifactKey: Guid(713db845b42fd164888d6560b79d8f57) Importer(815301076,1909f56bfc062723c751e8b465ee728b)
Start importing Assets/NextMindSDK/Examples/NeuroTagGallery/Sprites/TrianglesCloud.png using Guid(713db845b42fd164888d6560b79d8f57) Importer(815301076,1909f56bfc062723c751e8b465ee728b)  -> (artifact id: 'd28907c687b393443cbb98755ce03c4c') in 0.034550 seconds 
Editor requested this worker to shutdown with reason: Scaling down because of idle timeout
AssetImportWorker is now disconnected from the server
Process exiting
Exiting without the bug reporter. Application will terminate with return code 0